<?xml version="1.0" encoding="UTF-8"?>
<coverage generated="1624056829147" clover="3.2.0">
  <project timestamp="1624056829148" name="All files">
    <metrics statements="20" coveredstatements="20" conditionals="6" coveredconditionals="6" methods="4" coveredmethods="4" elements="30" coveredelements="30" complexity="0" loc="20" ncloc="20" packages="1" files="2" classes="2"/>
    <file name="camelCase.js" path="C:\Users\SUNHP\Desktop\code course\LeetCode-snippets\camelCase.js">
      <metrics statements="13" coveredstatements="13" conditionals="4" coveredconditionals="4" methods="1" coveredmethods="1"/>
      <line num="1" count="1" type="stmt"/>
      <line num="3" count="1" type="stmt"/>
      <line num="4" count="1" type="stmt"/>
      <line num="5" count="1" type="stmt"/>
      <line num="6" count="1" type="stmt"/>
      <line num="7" count="2" type="stmt"/>
      <line num="8" count="2" type="stmt"/>
      <line num="9" count="11" type="cond" truecount="2" falsecount="0"/>
      <line num="11" count="2" type="cond" truecount="2" falsecount="0"/>
      <line num="12" count="1" type="stmt"/>
      <line num="14" count="1" type="stmt"/>
      <line num="17" count="1" type="stmt"/>
      <line num="20" count="1" type="stmt"/>
    </file>
    <file name="mergeNestedList.js" path="C:\Users\SUNHP\Desktop\code course\LeetCode-snippets\mergeNestedList.js">
      <metrics statements="7" coveredstatements="7" conditionals="2" coveredconditionals="2" methods="3" coveredmethods="3"/>
      <line num="5" count="1" type="stmt"/>
      <line num="6" count="1" type="stmt"/>
      <line num="7" count="1" type="stmt"/>
      <line num="9" count="1" type="stmt"/>
      <line num="12" count="5" type="stmt"/>
      <line num="13" count="12" type="cond" truecount="2" falsecount="0"/>
      <line num="17" count="1" type="stmt"/>
    </file>
  </project>
</coverage>
