{"C:\\Users\\SUNHP\\Desktop\\code course\\LeetCode-snippets\\camelCase.js": {"path":"C:\\Users\\SUNHP\\Desktop\\code course\\LeetCode-snippets\\camelCase.js","statementMap":{"0":{"start":{"line":1,"column":12},"end":{"line":1,"column":26}},"1":{"start":{"line":3,"column":18},"end":{"line":18,"column":1}},"2":{"start":{"line":4,"column":18},"end":{"line":4,"column":32}},"3":{"start":{"line":5,"column":15},"end":{"line":5,"column":17}},"4":{"start":{"line":6,"column":2},"end":{"line":16,"column":3}},"5":{"start":{"line":6,"column":15},"end":{"line":6,"column":16}},"6":{"start":{"line":7,"column":18},"end":{"line":7,"column":20}},"7":{"start":{"line":8,"column":4},"end":{"line":10,"column":5}},"8":{"start":{"line":9,"column":6},"end":{"line":9,"column":51}},"9":{"start":{"line":9,"column":34},"end":{"line":9,"column":51}},"10":{"start":{"line":11,"column":4},"end":{"line":15,"column":5}},"11":{"start":{"line":12,"column":6},"end":{"line":12,"column":38}},"12":{"start":{"line":14,"column":6},"end":{"line":14,"column":23}},"13":{"start":{"line":17,"column":2},"end":{"line":17,"column":15}},"14":{"start":{"line":20,"column":0},"end":{"line":20,"column":27}}},"fnMap":{"0":{"name":"(anonymous_0)","decl":{"start":{"line":3,"column":18},"end":{"line":3,"column":19}},"loc":{"start":{"line":3,"column":31},"end":{"line":18,"column":1}},"line":3}},"branchMap":{"0":{"loc":{"start":{"line":9,"column":6},"end":{"line":9,"column":51}},"type":"if","locations":[{"start":{"line":9,"column":6},"end":{"line":9,"column":51}},{"start":{"line":9,"column":6},"end":{"line":9,"column":51}}],"line":9},"1":{"loc":{"start":{"line":11,"column":4},"end":{"line":15,"column":5}},"type":"if","locations":[{"start":{"line":11,"column":4},"end":{"line":15,"column":5}},{"start":{"line":11,"column":4},"end":{"line":15,"column":5}}],"line":11}},"s":{"0":1,"1":1,"2":1,"3":1,"4":1,"5":1,"6":2,"7":2,"8":11,"9":10,"10":2,"11":1,"12":1,"13":1,"14":1},"f":{"0":1},"b":{"0":[10,1],"1":[1,1]},"_coverageSchema":"1a1c01bbd47fc00a2c39e90264f33305004495a9","hash":"5f498370b6439a9dbc59bc2d77dbde3e12709f7f"}
,"C:\\Users\\SUNHP\\Desktop\\code course\\LeetCode-snippets\\mergeNestedList.js": {"path":"C:\\Users\\SUNHP\\Desktop\\code course\\LeetCode-snippets\\mergeNestedList.js","statementMap":{"0":{"start":{"line":5,"column":14},"end":{"line":5,"column":37}},"1":{"start":{"line":6,"column":24},"end":{"line":8,"column":1}},"2":{"start":{"line":7,"column":2},"end":{"line":7,"column":27}},"3":{"start":{"line":9,"column":0},"end":{"line":9,"column":36}},"4":{"start":{"line":12,"column":2},"end":{"line":14,"column":9}},"5":{"start":{"line":13,"column":4},"end":{"line":13,"column":82}},"6":{"start":{"line":17,"column":0},"end":{"line":17,"column":25}}},"fnMap":{"0":{"name":"(anonymous_0)","decl":{"start":{"line":6,"column":24},"end":{"line":6,"column":25}},"loc":{"start":{"line":6,"column":37},"end":{"line":8,"column":1}},"line":6},"1":{"name":"flatten","decl":{"start":{"line":11,"column":9},"end":{"line":11,"column":16}},"loc":{"start":{"line":11,"column":22},"end":{"line":15,"column":1}},"line":11},"2":{"name":"(anonymous_2)","decl":{"start":{"line":12,"column":20},"end":{"line":12,"column":21}},"loc":{"start":{"line":12,"column":47},"end":{"line":14,"column":3}},"line":12}},"branchMap":{"0":{"loc":{"start":{"line":13,"column":23},"end":{"line":13,"column":80}},"type":"cond-expr","locations":[{"start":{"line":13,"column":50},"end":{"line":13,"column":68}},{"start":{"line":13,"column":71},"end":{"line":13,"column":80}}],"line":13}},"s":{"0":1,"1":1,"2":1,"3":1,"4":5,"5":12,"6":1},"f":{"0":1,"1":5,"2":12},"b":{"0":[3,9]},"_coverageSchema":"1a1c01bbd47fc00a2c39e90264f33305004495a9","hash":"8018baddfa931e4844700c7e33d3f48d7f7b0035"}
}
