TN:
SF:camelCase.js
FN:3,(anonymous_0)
FNF:1
FNH:1
FNDA:1,(anonymous_0)
DA:1,1
DA:3,1
DA:4,1
DA:5,1
DA:6,1
DA:7,2
DA:8,2
DA:9,11
DA:11,2
DA:12,1
DA:14,1
DA:17,1
DA:20,1
LF:13
LH:13
BRDA:9,0,0,10
BRDA:9,0,1,1
BRDA:11,1,0,1
BRDA:11,1,1,1
BRF:4
BRH:4
end_of_record
TN:
SF:mergeNestedList.js
FN:6,(anonymous_0)
FN:11,flatten
FN:12,(anonymous_2)
FNF:3
FNH:3
FNDA:1,(anonymous_0)
FNDA:5,flatten
FNDA:12,(anonymous_2)
DA:5,1
DA:6,1
DA:7,1
DA:9,1
DA:12,5
DA:13,12
DA:17,1
LF:7
LH:7
BRDA:13,0,0,3
BRDA:13,0,1,9
BRF:2
BRH:2
end_of_record
